0.050000 0.000000
0.150000 0.002300
0.250000 0.009800
0.350000 0.027200
0.450000 0.055500
0.550000 0.094900
0.650000 0.133200
0.750000 0.187000
0.850000 0.230800
0.950000 0.265400
1.050000 0.302700
1.150000 0.341200
1.250000 0.381900
1.350000 0.399000
1.450000 0.405200
1.550000 0.403900
1.650000 0.417100
1.750000 0.406400
1.850000 0.403300
1.950000 0.388100
2.050000 0.359900
2.150000 0.356000
2.250000 0.330000
2.350000 0.325700
2.450000 0.304600
2.550000 0.274700
2.650000 0.267000
2.750000 0.249700
2.850000 0.226900
2.950000 0.200100
3.050000 0.196400
3.150000 0.179900
3.250000 0.173000
3.350000 0.143700
3.450000 0.140300
3.550000 0.125800
3.650000 0.113500
3.750000 0.104700
3.850000 0.096500
3.950000 0.090100
4.050000 0.080800
4.150000 0.071900
4.250000 0.068500
4.350000 0.059900
4.450000 0.058400
4.550000 0.053800
4.650000 0.046300
4.750000 0.045500
4.850000 0.038800
4.950000 0.034100
5.050000 0.028500
5.150000 0.028000
5.250000 0.026300
5.350000 0.023300
5.450000 0.023900
5.550000 0.018300
5.650000 0.018900
5.750000 0.014800
5.850000 0.014000
5.950000 0.014700
6.050000 0.011600
6.150000 0.008600
6.250000 0.009100
6.350000 0.008200
6.450000 0.007200
6.550000 0.004600
6.650000 0.005100
6.750000 0.005400
6.850000 0.006100
6.950000 0.004700
7.050000 0.004800
7.150000 0.004500
7.250000 0.003400
7.350000 0.003300
7.450000 0.003300
7.550000 0.003000
7.650000 0.001700
7.750000 0.002400
7.850000 0.001700
7.950000 0.002300
8.050000 0.001100
8.150000 0.001200
8.250000 0.001300
8.350000 0.001600
8.450000 0.000900
8.550000 0.000400
8.650000 0.001300
8.750000 0.000600
8.850000 0.001200
8.950000 0.000700
9.050000 0.000700
9.150000 0.000600
9.250000 0.000700
9.350000 0.000200
9.450000 0.000700
9.550000 0.000400
9.650000 0.000400
9.750000 0.000200
9.850000 0.000100
9.950000 0.000200
