0.050000 0.008200
0.150000 0.045100
0.250000 0.118400
0.350000 0.187900
0.450000 0.249600
0.550000 0.306700
0.650000 0.350600
0.750000 0.392700
0.850000 0.415700
0.950000 0.443400
1.050000 0.447100
1.150000 0.445800
1.250000 0.445200
1.350000 0.431700
1.450000 0.405800
1.550000 0.392500
1.650000 0.374400
1.750000 0.358800
1.850000 0.331700
1.950000 0.318500
2.050000 0.281000
2.150000 0.274400
2.250000 0.252300
2.350000 0.240900
2.450000 0.213900
2.550000 0.197000
2.650000 0.185600
2.750000 0.170500
2.850000 0.149900
2.950000 0.134100
3.050000 0.134900
3.150000 0.120000
3.250000 0.114400
3.350000 0.089400
3.450000 0.089800
3.550000 0.083000
3.650000 0.073600
3.750000 0.063600
3.850000 0.061700
3.950000 0.056500
4.050000 0.048200
4.150000 0.043400
4.250000 0.041800
4.350000 0.040800
4.450000 0.037500
4.550000 0.033100
4.650000 0.028300
4.750000 0.027100
4.850000 0.024000
4.950000 0.020800
5.050000 0.018300
5.150000 0.017800
5.250000 0.015800
5.350000 0.014000
5.450000 0.014500
5.550000 0.010200
5.650000 0.012000
5.750000 0.008900
5.850000 0.008400
5.950000 0.009200
6.050000 0.007300
6.150000 0.005200
6.250000 0.005300
6.350000 0.004600
6.450000 0.004100
6.550000 0.002900
6.650000 0.002600
6.750000 0.003100
6.850000 0.003400
6.950000 0.003600
7.050000 0.002800
7.150000 0.002400
7.250000 0.002200
7.350000 0.001600
7.450000 0.001900
7.550000 0.001900
7.650000 0.001000
7.750000 0.001800
7.850000 0.000700
7.950000 0.001400
8.050000 0.000900
8.150000 0.000600
8.250000 0.000400
8.350000 0.000800
8.450000 0.000600
8.550000 0.000200
8.650000 0.000900
8.750000 0.000400
8.850000 0.000500
8.950000 0.000500
9.050000 0.000400
9.150000 0.000600
9.250000 0.000400
9.350000 0.000100
9.450000 0.000300
9.550000 0.000100
9.650000 0.000200
9.750000 0.000100
9.850000 0.000100
9.950000 0.000200
