0.050000 0.946800
0.150000 0.856300
0.250000 0.776100
0.350000 0.726800
0.450000 0.638300
0.550000 0.582400
0.650000 0.508000
0.750000 0.477900
0.850000 0.430600
0.950000 0.386400
1.050000 0.347200
1.150000 0.315200
1.250000 0.290000
1.350000 0.260000
1.450000 0.224400
1.550000 0.210800
1.650000 0.186100
1.750000 0.174800
1.850000 0.155100
1.950000 0.145900
2.050000 0.129200
2.150000 0.120800
2.250000 0.106600
2.350000 0.093500
2.450000 0.087100
2.550000 0.079500
2.650000 0.074200
2.750000 0.064500
2.850000 0.056000
2.950000 0.050500
3.050000 0.050200
3.150000 0.041500
3.250000 0.041100
3.350000 0.030200
3.450000 0.030700
3.550000 0.028200
3.650000 0.025400
3.750000 0.022300
3.850000 0.022200
3.950000 0.019000
4.050000 0.016500
4.150000 0.016000
4.250000 0.012200
4.350000 0.013700
4.450000 0.013000
4.550000 0.010600
4.650000 0.010600
4.750000 0.008400
4.850000 0.008200
4.950000 0.007700
5.050000 0.006700
5.150000 0.006000
5.250000 0.006900
5.350000 0.004800
5.450000 0.004900
5.550000 0.004100
5.650000 0.003400
5.750000 0.002800
5.850000 0.003100
5.950000 0.003700
6.050000 0.002500
6.150000 0.001800
6.250000 0.002200
6.350000 0.001900
6.450000 0.001800
6.550000 0.001400
6.650000 0.000600
6.750000 0.001500
6.850000 0.001200
6.950000 0.000800
7.050000 0.000700
7.150000 0.000700
7.250000 0.000700
7.350000 0.000900
7.450000 0.001100
7.550000 0.000500
7.650000 0.000600
7.750000 0.000700
7.850000 0.000300
7.950000 0.000500
8.050000 0.000300
8.150000 0.000200
8.250000 0.000000
8.350000 0.000300
8.450000 0.000200
8.550000 0.000100
8.650000 0.000100
8.750000 0.000100
8.850000 0.000100
8.950000 0.000100
9.050000 0.000100
9.150000 0.000100
9.250000 0.000100
9.350000 0.000000
9.450000 0.000300
9.550000 0.000000
9.650000 0.000000
9.750000 0.000000
9.850000 0.000000
9.950000 0.000100
