10.000000 2.136717
30.000000 1.950760
50.000000 1.777636
70.000000 1.647520
90.000000 1.512012
110.000000 1.411052
130.000000 1.452050
150.000000 1.351040
170.000000 1.304411
190.000000 1.228936
210.000000 1.218244
230.000000 1.217383
250.000000 1.188188
270.000000 1.155811
290.000000 1.103271
310.000000 1.116233
330.000000 1.091018
350.000000 1.026725
370.000000 0.988858
390.000000 0.990098
410.000000 0.929696
430.000000 0.896559
450.000000 0.947620
470.000000 0.914343
490.000000 0.855801
510.000000 0.892539
530.000000 0.908502
550.000000 0.871294
570.000000 0.873605
590.000000 0.869484
610.000000 0.842589
630.000000 0.830336
650.000000 0.786097
670.000000 0.769354
690.000000 0.766893
710.000000 0.789268
730.000000 0.714333
750.000000 0.681526
770.000000 0.697229
790.000000 0.693369
810.000000 0.709812
830.000000 0.680866
850.000000 0.694309
870.000000 0.679366
890.000000 0.671744
910.000000 0.668944
930.000000 0.647660
950.000000 0.609792
970.000000 0.613213
990.000000 0.625895
