10.000000 1.015723
30.000000 1.019244
50.000000 1.021774
70.000000 1.024655
90.000000 1.030406
110.000000 1.033017
130.000000 1.021594
150.000000 1.014703
170.000000 1.009292
190.000000 1.010202
210.000000 1.000330
230.000000 0.996969
250.000000 0.992138
270.000000 0.995969
290.000000 0.994239
310.000000 0.996499
330.000000 0.994339
350.000000 0.993389
370.000000 0.992308
390.000000 0.993009
410.000000 0.994989
430.000000 0.991928
450.000000 0.991618
470.000000 0.990408
490.000000 0.992208
510.000000 0.996549
530.000000 0.994719
550.000000 0.998770
570.000000 0.999020
590.000000 0.998760
610.000000 1.000410
630.000000 0.998260
650.000000 0.998870
670.000000 0.998030
690.000000 0.996389
710.000000 0.993709
730.000000 0.995149
750.000000 0.996849
770.000000 0.994479
790.000000 0.995509
810.000000 0.993709
830.000000 0.993279
850.000000 0.993359
870.000000 0.993269
890.000000 0.992519
910.000000 0.993359
930.000000 0.993639
950.000000 0.993929
970.000000 0.995219
990.000000 0.991298
