10.000000 2.103471
30.000000 1.907522
50.000000 1.788918
70.000000 1.680136
90.000000 1.592909
110.000000 1.539058
130.000000 1.463803
150.000000 1.405001
170.000000 1.347720
190.000000 1.306181
210.000000 1.258252
230.000000 1.223715
250.000000 1.180566
270.000000 1.140708
290.000000 1.106271
310.000000 1.069294
330.000000 1.040918
350.000000 1.017624
370.000000 0.984457
390.000000 0.946239
410.000000 0.937387
430.000000 0.922515
450.000000 0.918884
470.000000 0.896399
490.000000 0.875325
510.000000 0.871964
530.000000 0.861762
550.000000 0.855651
570.000000 0.842128
590.000000 0.840158
610.000000 0.822064
630.000000 0.799900
650.000000 0.795919
670.000000 0.777355
690.000000 0.769514
710.000000 0.751450
730.000000 0.741718
750.000000 0.723175
770.000000 0.713983
790.000000 0.692619
810.000000 0.690308
830.000000 0.689458
850.000000 0.684457
870.000000 0.670014
890.000000 0.651080
910.000000 0.642869
930.000000 0.631336
950.000000 0.623135
970.000000 0.610522
990.000000 0.594189
