10.000000 1.791558
30.000000 1.688908
50.000000 1.620254
70.000000 1.550600
90.000000 1.487848
110.000000 1.429276
130.000000 1.379556
150.000000 1.349420
170.000000 1.308662
190.000000 1.275815
210.000000 1.231596
230.000000 1.206901
250.000000 1.166973
270.000000 1.144049
290.000000 1.115073
310.000000 1.093269
330.000000 1.079736
350.000000 1.056781
370.000000 1.033867
390.000000 1.024655
410.000000 1.004961
430.000000 0.981146
450.000000 0.956191
470.000000 0.942368
490.000000 0.923185
510.000000 0.914803
530.000000 0.896689
550.000000 0.876325
570.000000 0.864063
590.000000 0.859132
610.000000 0.846219
630.000000 0.834097
650.000000 0.816853
670.000000 0.805771
690.000000 0.793669
710.000000 0.778736
730.000000 0.770104
750.000000 0.761912
770.000000 0.746269
790.000000 0.737848
810.000000 0.721694
830.000000 0.716603
850.000000 0.708122
870.000000 0.700330
890.000000 0.690398
910.000000 0.676765
930.000000 0.670184
950.000000 0.667223
970.000000 0.658892
990.000000 0.644649
