10.000000 1.018624
30.000000 1.021474
50.000000 1.022875
70.000000 1.021854
90.000000 1.029336
110.000000 1.025275
130.000000 1.017413
150.000000 1.010102
170.000000 1.006031
190.000000 1.006221
210.000000 1.000150
230.000000 0.997459
250.000000 0.994839
270.000000 0.993959
290.000000 0.994729
310.000000 0.996099
330.000000 0.995279
350.000000 0.994369
370.000000 0.995859
390.000000 0.994269
410.000000 0.995739
430.000000 0.994989
450.000000 0.996419
470.000000 0.998590
490.000000 0.997790
510.000000 0.998000
530.000000 1.001130
550.000000 1.003651
570.000000 1.004691
590.000000 1.002971
610.000000 1.005001
630.000000 1.001740
650.000000 1.003521
670.000000 1.000270
690.000000 1.000040
710.000000 0.994229
730.000000 0.996129
750.000000 0.995019
770.000000 0.996679
790.000000 0.990448
810.000000 0.991528
830.000000 0.990228
850.000000 0.987057
870.000000 0.989808
890.000000 0.988118
910.000000 0.989738
930.000000 0.988008
950.000000 0.988138
970.000000 0.987457
990.000000 0.986657
